<?xml version="1.0" encoding="UTF-8"?>
<coverage generated="1788379702162" clover="3.2.0">
  <project timestamp="1788379702163" name="All files">
    <metrics statements="85" coveredstatements="83" conditionals="27" coveredconditionals="23" methods="22" coveredmethods="22" elements="134" coveredelements="128" complexity="0" loc="85" ncloc="85" packages="2" files="9" classes="9"/>
    <package name="src">
      <metrics statements="60" coveredstatements="58" conditionals="27" coveredconditionals="23" methods="13" coveredmethods="13"/>
      <file name="Board.ts" path="C:\Users\gabme\PROGRAMACION\TETRIS\Tetris-\src\Board.ts">
        <metrics statements="52" coveredstatements="50" conditionals="26" coveredconditionals="22" methods="7" coveredmethods="7"/>
        <line num="9" count="5" type="stmt"/>
        <line num="11" count="5" type="stmt"/>
        <line num="13" count="5" type="stmt"/>
        <line num="19" count="100" type="stmt"/>
        <line num="27" count="4" type="stmt"/>
        <line num="31" count="4" type="stmt"/>
        <line num="33" count="11" type="stmt"/>
        <line num="35" count="32" type="cond" truecount="2" falsecount="0"/>
        <line num="37" count="14" type="stmt"/>
        <line num="39" count="14" type="stmt"/>
        <line num="43" count="14" type="cond" truecount="6" falsecount="0"/>
        <line num="45" count="1" type="stmt"/>
        <line num="57" count="3" type="stmt"/>
        <line num="59" count="9" type="stmt"/>
        <line num="61" count="27" type="cond" truecount="2" falsecount="0"/>
        <line num="63" count="12" type="stmt"/>
        <line num="73" count="3" type="stmt"/>
        <line num="75" count="3" type="stmt"/>
        <line num="77" count="3" type="stmt"/>
        <line num="81" count="3" type="stmt"/>
        <line num="89" count="1" type="cond" truecount="1" falsecount="1"/>
        <line num="91" count="1" type="stmt"/>
        <line num="95" count="1" type="stmt"/>
        <line num="97" count="3" type="stmt"/>
        <line num="99" count="9" type="cond" truecount="2" falsecount="0"/>
        <line num="101" count="4" type="stmt"/>
        <line num="115" count="1" type="cond" truecount="1" falsecount="1"/>
        <line num="117" count="1" type="stmt"/>
        <line num="119" count="1" type="stmt"/>
        <line num="121" count="1" type="stmt"/>
        <line num="123" count="1" type="stmt"/>
        <line num="127" count="1" type="stmt"/>
        <line num="131" count="1" type="stmt"/>
        <line num="133" count="1" type="stmt"/>
        <line num="135" count="3" type="stmt"/>
        <line num="137" count="9" type="cond" truecount="2" falsecount="0"/>
        <line num="139" count="4" type="stmt"/>
        <line num="141" count="4" type="stmt"/>
        <line num="143" count="4" type="cond" truecount="3" falsecount="1"/>
        <line num="145" count="0" type="stmt"/>
        <line num="157" count="1" type="cond" truecount="1" falsecount="1"/>
        <line num="159" count="1" type="stmt"/>
        <line num="163" count="0" type="stmt"/>
        <line num="169" count="1" type="stmt"/>
        <line num="177" count="1" type="stmt"/>
        <line num="181" count="1" type="stmt"/>
        <line num="183" count="29" type="stmt"/>
        <line num="185" count="20" type="cond" truecount="2" falsecount="0"/>
        <line num="187" count="1" type="stmt"/>
        <line num="189" count="1" type="stmt"/>
        <line num="191" count="1" type="stmt"/>
        <line num="199" count="20" type="stmt"/>
      </file>
      <file name="Clock.ts" path="C:\Users\gabme\PROGRAMACION\TETRIS\Tetris-\src\Clock.ts">
        <metrics statements="3" coveredstatements="3" conditionals="0" coveredconditionals="0" methods="2" coveredmethods="2"/>
        <line num="2" count="7" type="stmt"/>
        <line num="5" count="6" type="stmt"/>
        <line num="9" count="7" type="stmt"/>
      </file>
      <file name="Tetris.ts" path="C:\Users\gabme\PROGRAMACION\TETRIS\Tetris-\src\Tetris.ts">
        <metrics statements="5" coveredstatements="5" conditionals="1" coveredconditionals="1" methods="4" coveredmethods="4"/>
        <line num="6" count="5" type="stmt"/>
        <line num="10" count="5" type="stmt"/>
        <line num="14" count="1" type="stmt"/>
        <line num="18" count="2" type="stmt"/>
        <line num="22" count="4" type="stmt"/>
      </file>
    </package>
    <package name="src.Piece.ts">
      <metrics statements="25" coveredstatements="25" conditionals="0" coveredconditionals="0" methods="9" coveredmethods="9"/>
      <file name="PieceDog.ts" path="C:\Users\gabme\PROGRAMACION\TETRIS\Tetris-\src\Piece.ts\PieceDog.ts">
        <metrics statements="1" coveredstatements="1" conditionals="0" coveredconditionals="0" methods="1" coveredmethods="1"/>
        <line num="5" count="3" type="stmt"/>
      </file>
      <file name="PieceL.ts" path="C:\Users\gabme\PROGRAMACION\TETRIS\Tetris-\src\Piece.ts\PieceL.ts">
        <metrics statements="1" coveredstatements="1" conditionals="0" coveredconditionals="0" methods="1" coveredmethods="1"/>
        <line num="5" count="3" type="stmt"/>
      </file>
      <file name="PieceStick.ts" path="C:\Users\gabme\PROGRAMACION\TETRIS\Tetris-\src\Piece.ts\PieceStick.ts">
        <metrics statements="1" coveredstatements="1" conditionals="0" coveredconditionals="0" methods="1" coveredmethods="1"/>
        <line num="5" count="3" type="stmt"/>
      </file>
      <file name="PieceT.ts" path="C:\Users\gabme\PROGRAMACION\TETRIS\Tetris-\src\Piece.ts\PieceT.ts">
        <metrics statements="1" coveredstatements="1" conditionals="0" coveredconditionals="0" methods="1" coveredmethods="1"/>
        <line num="5" count="4" type="stmt"/>
      </file>
      <file name="Piecebase.ts" path="C:\Users\gabme\PROGRAMACION\TETRIS\Tetris-\src\Piece.ts\Piecebase.ts">
        <metrics statements="20" coveredstatements="20" conditionals="0" coveredconditionals="0" methods="4" coveredmethods="4"/>
        <line num="6" count="19" type="stmt"/>
        <line num="7" count="19" type="stmt"/>
        <line num="11" count="23" type="stmt"/>
        <line num="14" count="9" type="stmt"/>
        <line num="15" count="9" type="stmt"/>
        <line num="16" count="9" type="stmt"/>
        <line num="18" count="9" type="stmt"/>
        <line num="19" count="27" type="stmt"/>
        <line num="20" count="27" type="stmt"/>
        <line num="21" count="81" type="stmt"/>
        <line num="25" count="9" type="stmt"/>
        <line num="29" count="5" type="stmt"/>
        <line num="30" count="5" type="stmt"/>
        <line num="31" count="5" type="stmt"/>
        <line num="33" count="5" type="stmt"/>
        <line num="34" count="15" type="stmt"/>
        <line num="35" count="15" type="stmt"/>
        <line num="36" count="45" type="stmt"/>
        <line num="38" count="15" type="stmt"/>
        <line num="41" count="5" type="stmt"/>
      </file>
      <file name="Piecesquare.ts" path="C:\Users\gabme\PROGRAMACION\TETRIS\Tetris-\src\Piece.ts\Piecesquare.ts">
        <metrics statements="1" coveredstatements="1" conditionals="0" coveredconditionals="0" methods="1" coveredmethods="1"/>
        <line num="5" count="6" type="stmt"/>
      </file>
    </package>
  </project>
</coverage>
