{"C:\\Users\\gabme\\PROGRAMACION\\TETRIS\\Tetris-\\src\\Board.ts": {"path":"C:\\Users\\gabme\\PROGRAMACION\\TETRIS\\Tetris-\\src\\Board.ts","statementMap":{"0":{"start":{"line":5,"column":45},"end":{"line":5,"column":null}},"1":{"start":{"line":6,"column":33},"end":{"line":6,"column":null}},"2":{"start":{"line":7,"column":33},"end":{"line":7,"column":null}},"3":{"start":{"line":10,"column":8},"end":{"line":10,"column":null}},"4":{"start":{"line":10,"column":53},"end":{"line":10,"column":73}},"5":{"start":{"line":14,"column":22},"end":{"line":14,"column":null}},"6":{"start":{"line":16,"column":8},"end":{"line":27,"column":null}},"7":{"start":{"line":16,"column":21},"end":{"line":16,"column":24}},"8":{"start":{"line":17,"column":12},"end":{"line":26,"column":null}},"9":{"start":{"line":17,"column":25},"end":{"line":17,"column":28}},"10":{"start":{"line":18,"column":16},"end":{"line":25,"column":null}},"11":{"start":{"line":19,"column":38},"end":{"line":19,"column":null}},"12":{"start":{"line":20,"column":38},"end":{"line":20,"column":null}},"13":{"start":{"line":22,"column":20},"end":{"line":24,"column":null}},"14":{"start":{"line":23,"column":24},"end":{"line":23,"column":null}},"15":{"start":{"line":29,"column":8},"end":{"line":35,"column":null}},"16":{"start":{"line":29,"column":21},"end":{"line":29,"column":24}},"17":{"start":{"line":30,"column":12},"end":{"line":34,"column":null}},"18":{"start":{"line":30,"column":25},"end":{"line":30,"column":28}},"19":{"start":{"line":31,"column":16},"end":{"line":33,"column":null}},"20":{"start":{"line":32,"column":20},"end":{"line":32,"column":null}},"21":{"start":{"line":37,"column":8},"end":{"line":37,"column":null}},"22":{"start":{"line":38,"column":8},"end":{"line":38,"column":null}},"23":{"start":{"line":39,"column":8},"end":{"line":39,"column":null}},"24":{"start":{"line":41,"column":8},"end":{"line":41,"column":null}},"25":{"start":{"line":45,"column":8},"end":{"line":45,"column":null}},"26":{"start":{"line":45,"column":32},"end":{"line":45,"column":null}},"27":{"start":{"line":46,"column":22},"end":{"line":46,"column":null}},"28":{"start":{"line":48,"column":8},"end":{"line":54,"column":null}},"29":{"start":{"line":48,"column":21},"end":{"line":48,"column":24}},"30":{"start":{"line":49,"column":12},"end":{"line":53,"column":null}},"31":{"start":{"line":49,"column":25},"end":{"line":49,"column":28}},"32":{"start":{"line":50,"column":16},"end":{"line":52,"column":null}},"33":{"start":{"line":51,"column":20},"end":{"line":51,"column":null}},"34":{"start":{"line":58,"column":4},"end":{"line":58,"column":null}},"35":{"start":{"line":58,"column":28},"end":{"line":58,"column":null}},"36":{"start":{"line":59,"column":18},"end":{"line":59,"column":null}},"37":{"start":{"line":60,"column":18},"end":{"line":60,"column":null}},"38":{"start":{"line":61,"column":19},"end":{"line":61,"column":null}},"39":{"start":{"line":62,"column":19},"end":{"line":62,"column":null}},"40":{"start":{"line":64,"column":4},"end":{"line":64,"column":null}},"41":{"start":{"line":66,"column":18},"end":{"line":66,"column":null}},"42":{"start":{"line":67,"column":4},"end":{"line":77,"column":null}},"43":{"start":{"line":67,"column":17},"end":{"line":67,"column":20}},"44":{"start":{"line":68,"column":8},"end":{"line":76,"column":null}},"45":{"start":{"line":68,"column":21},"end":{"line":68,"column":24}},"46":{"start":{"line":69,"column":12},"end":{"line":75,"column":null}},"47":{"start":{"line":70,"column":31},"end":{"line":70,"column":null}},"48":{"start":{"line":71,"column":28},"end":{"line":71,"column":null}},"49":{"start":{"line":72,"column":16},"end":{"line":74,"column":null}},"50":{"start":{"line":73,"column":20},"end":{"line":73,"column":null}},"51":{"start":{"line":79,"column":4},"end":{"line":83,"column":null}},"52":{"start":{"line":80,"column":8},"end":{"line":80,"column":null}},"53":{"start":{"line":82,"column":8},"end":{"line":82,"column":null}},"54":{"start":{"line":85,"column":4},"end":{"line":85,"column":null}}},"fnMap":{"0":{"name":"constructor","decl":{"start":{"line":9,"column":4},"end":{"line":9,"column":18}},"loc":{"start":{"line":9,"column":18},"end":{"line":11,"column":null}},"line":9},"1":{"name":"(anonymous_1)","decl":{"start":{"line":10,"column":44},"end":{"line":10,"column":53}},"loc":{"start":{"line":10,"column":53},"end":{"line":10,"column":73}},"line":10},"2":{"name":"addPiece","decl":{"start":{"line":13,"column":4},"end":{"line":13,"column":13}},"loc":{"start":{"line":13,"column":66},"end":{"line":42,"column":null}},"line":13},"3":{"name":"clearPiece","decl":{"start":{"line":44,"column":4},"end":{"line":44,"column":12}},"loc":{"start":{"line":44,"column":31},"end":{"line":55,"column":null}},"line":44},"4":{"name":"moveDown","decl":{"start":{"line":57,"column":4},"end":{"line":57,"column":24}},"loc":{"start":{"line":57,"column":24},"end":{"line":86,"column":null}},"line":57}},"branchMap":{"0":{"loc":{"start":{"line":18,"column":16},"end":{"line":25,"column":null}},"type":"if","locations":[{"start":{"line":18,"column":16},"end":{"line":25,"column":null}},{"start":{},"end":{}}],"line":18},"1":{"loc":{"start":{"line":22,"column":20},"end":{"line":24,"column":null}},"type":"if","locations":[{"start":{"line":22,"column":20},"end":{"line":24,"column":null}},{"start":{},"end":{}}],"line":22},"2":{"loc":{"start":{"line":22,"column":24},"end":{"line":22,"column":94}},"type":"binary-expr","locations":[{"start":{"line":22,"column":24},"end":{"line":22,"column":41}},{"start":{"line":22,"column":41},"end":{"line":22,"column":60}},{"start":{"line":22,"column":60},"end":{"line":22,"column":77}},{"start":{"line":22,"column":77},"end":{"line":22,"column":94}}],"line":22},"3":{"loc":{"start":{"line":31,"column":16},"end":{"line":33,"column":null}},"type":"if","locations":[{"start":{"line":31,"column":16},"end":{"line":33,"column":null}},{"start":{},"end":{}}],"line":31},"4":{"loc":{"start":{"line":45,"column":8},"end":{"line":45,"column":null}},"type":"if","locations":[{"start":{"line":45,"column":8},"end":{"line":45,"column":null}},{"start":{},"end":{}}],"line":45},"5":{"loc":{"start":{"line":50,"column":16},"end":{"line":52,"column":null}},"type":"if","locations":[{"start":{"line":50,"column":16},"end":{"line":52,"column":null}},{"start":{},"end":{}}],"line":50},"6":{"loc":{"start":{"line":58,"column":4},"end":{"line":58,"column":null}},"type":"if","locations":[{"start":{"line":58,"column":4},"end":{"line":58,"column":null}},{"start":{},"end":{}}],"line":58},"7":{"loc":{"start":{"line":69,"column":12},"end":{"line":75,"column":null}},"type":"if","locations":[{"start":{"line":69,"column":12},"end":{"line":75,"column":null}},{"start":{},"end":{}}],"line":69},"8":{"loc":{"start":{"line":72,"column":16},"end":{"line":74,"column":null}},"type":"if","locations":[{"start":{"line":72,"column":16},"end":{"line":74,"column":null}},{"start":{},"end":{}}],"line":72},"9":{"loc":{"start":{"line":72,"column":20},"end":{"line":72,"column":69}},"type":"binary-expr","locations":[{"start":{"line":72,"column":20},"end":{"line":72,"column":36}},{"start":{"line":72,"column":36},"end":{"line":72,"column":69}}],"line":72},"10":{"loc":{"start":{"line":79,"column":4},"end":{"line":83,"column":null}},"type":"if","locations":[{"start":{"line":79,"column":4},"end":{"line":83,"column":null}},{"start":{"line":81,"column":11},"end":{"line":83,"column":null}}],"line":79}},"s":{"0":4,"1":4,"2":4,"3":4,"4":80,"5":4,"6":4,"7":4,"8":11,"9":11,"10":32,"11":14,"12":14,"13":14,"14":1,"15":3,"16":3,"17":9,"18":9,"19":27,"20":12,"21":3,"22":3,"23":3,"24":3,"25":1,"26":0,"27":1,"28":1,"29":1,"30":3,"31":3,"32":9,"33":4,"34":1,"35":0,"36":1,"37":1,"38":1,"39":1,"40":1,"41":1,"42":1,"43":1,"44":3,"45":3,"46":9,"47":4,"48":4,"49":4,"50":0,"51":1,"52":1,"53":0,"54":1},"f":{"0":4,"1":80,"2":4,"3":1,"4":1},"b":{"0":[14,18],"1":[1,13],"2":[14,14,14,14],"3":[12,15],"4":[0,1],"5":[4,5],"6":[0,1],"7":[4,5],"8":[0,4],"9":[4,4],"10":[1,0]},"meta":{"lastBranch":11,"lastFunction":5,"lastStatement":55,"seen":{"s:5:45:5:Infinity":0,"s:6:33:6:Infinity":1,"s:7:33:7:Infinity":2,"f:9:4:9:18":0,"s:10:8:10:Infinity":3,"f:10:44:10:53":1,"s:10:53:10:73":4,"f:13:4:13:13":2,"s:14:22:14:Infinity":5,"s:16:8:27:Infinity":6,"s:16:21:16:24":7,"s:17:12:26:Infinity":8,"s:17:25:17:28":9,"b:18:16:25:Infinity:undefined:undefined:undefined:undefined":0,"s:18:16:25:Infinity":10,"s:19:38:19:Infinity":11,"s:20:38:20:Infinity":12,"b:22:20:24:Infinity:undefined:undefined:undefined:undefined":1,"s:22:20:24:Infinity":13,"b:22:24:22:41:22:41:22:60:22:60:22:77:22:77:22:94":2,"s:23:24:23:Infinity":14,"s:29:8:35:Infinity":15,"s:29:21:29:24":16,"s:30:12:34:Infinity":17,"s:30:25:30:28":18,"b:31:16:33:Infinity:undefined:undefined:undefined:undefined":3,"s:31:16:33:Infinity":19,"s:32:20:32:Infinity":20,"s:37:8:37:Infinity":21,"s:38:8:38:Infinity":22,"s:39:8:39:Infinity":23,"s:41:8:41:Infinity":24,"f:44:4:44:12":3,"b:45:8:45:Infinity:undefined:undefined:undefined:undefined":4,"s:45:8:45:Infinity":25,"s:45:32:45:Infinity":26,"s:46:22:46:Infinity":27,"s:48:8:54:Infinity":28,"s:48:21:48:24":29,"s:49:12:53:Infinity":30,"s:49:25:49:28":31,"b:50:16:52:Infinity:undefined:undefined:undefined:undefined":5,"s:50:16:52:Infinity":32,"s:51:20:51:Infinity":33,"f:57:4:57:24":4,"b:58:4:58:Infinity:undefined:undefined:undefined:undefined":6,"s:58:4:58:Infinity":34,"s:58:28:58:Infinity":35,"s:59:18:59:Infinity":36,"s:60:18:60:Infinity":37,"s:61:19:61:Infinity":38,"s:62:19:62:Infinity":39,"s:64:4:64:Infinity":40,"s:66:18:66:Infinity":41,"s:67:4:77:Infinity":42,"s:67:17:67:20":43,"s:68:8:76:Infinity":44,"s:68:21:68:24":45,"b:69:12:75:Infinity:undefined:undefined:undefined:undefined":7,"s:69:12:75:Infinity":46,"s:70:31:70:Infinity":47,"s:71:28:71:Infinity":48,"b:72:16:74:Infinity:undefined:undefined:undefined:undefined":8,"s:72:16:74:Infinity":49,"b:72:20:72:36:72:36:72:69":9,"s:73:20:73:Infinity":50,"b:79:4:83:Infinity:81:11:83:Infinity":10,"s:79:4:83:Infinity":51,"s:80:8:80:Infinity":52,"s:82:8:82:Infinity":53,"s:85:4:85:Infinity":54},"fnNames":{}}}
,"C:\\Users\\gabme\\PROGRAMACION\\TETRIS\\Tetris-\\src\\Clock.ts": {"path":"C:\\Users\\gabme\\PROGRAMACION\\TETRIS\\Tetris-\\src\\Clock.ts","statementMap":{"0":{"start":{"line":2,"column":26},"end":{"line":2,"column":null}},"1":{"start":{"line":5,"column":8},"end":{"line":5,"column":null}},"2":{"start":{"line":9,"column":8},"end":{"line":9,"column":null}}},"fnMap":{"0":{"name":"getTicks","decl":{"start":{"line":4,"column":4},"end":{"line":4,"column":23}},"loc":{"start":{"line":4,"column":23},"end":{"line":6,"column":null}},"line":4},"1":{"name":"tick","decl":{"start":{"line":8,"column":4},"end":{"line":8,"column":17}},"loc":{"start":{"line":8,"column":17},"end":{"line":10,"column":null}},"line":8}},"branchMap":{},"s":{"0":7,"1":6,"2":7},"f":{"0":6,"1":7},"b":{},"meta":{"lastBranch":0,"lastFunction":2,"lastStatement":3,"seen":{"s:2:26:2:Infinity":0,"f:4:4:4:23":0,"s:5:8:5:Infinity":1,"f:8:4:8:17":1,"s:9:8:9:Infinity":2},"fnNames":{}}}
,"C:\\Users\\gabme\\PROGRAMACION\\TETRIS\\Tetris-\\src\\Tetris.ts": {"path":"C:\\Users\\gabme\\PROGRAMACION\\TETRIS\\Tetris-\\src\\Tetris.ts","statementMap":{"0":{"start":{"line":6,"column":31},"end":{"line":6,"column":null}},"1":{"start":{"line":10,"column":8},"end":{"line":10,"column":null}},"2":{"start":{"line":14,"column":8},"end":{"line":14,"column":null}},"3":{"start":{"line":18,"column":8},"end":{"line":18,"column":null}},"4":{"start":{"line":22,"column":8},"end":{"line":22,"column":null}}},"fnMap":{"0":{"name":"constructor","decl":{"start":{"line":9,"column":4},"end":{"line":9,"column":16}},"loc":{"start":{"line":9,"column":44},"end":{"line":11,"column":null}},"line":9},"1":{"name":"start","decl":{"start":{"line":13,"column":4},"end":{"line":13,"column":18}},"loc":{"start":{"line":13,"column":18},"end":{"line":15,"column":null}},"line":13},"2":{"name":"state","decl":{"start":{"line":17,"column":4},"end":{"line":17,"column":21}},"loc":{"start":{"line":17,"column":21},"end":{"line":19,"column":null}},"line":17},"3":{"name":"tick","decl":{"start":{"line":21,"column":4},"end":{"line":21,"column":17}},"loc":{"start":{"line":21,"column":17},"end":{"line":23,"column":null}},"line":21}},"branchMap":{"0":{"loc":{"start":{"line":9,"column":16},"end":{"line":9,"column":44}},"type":"default-arg","locations":[{"start":{"line":9,"column":31},"end":{"line":9,"column":44}}],"line":9}},"s":{"0":5,"1":5,"2":1,"3":2,"4":4},"f":{"0":5,"1":1,"2":2,"3":4},"b":{"0":[5]},"meta":{"lastBranch":1,"lastFunction":4,"lastStatement":5,"seen":{"s:6:31:6:Infinity":0,"f:9:4:9:16":0,"b:9:31:9:44":0,"s:10:8:10:Infinity":1,"f:13:4:13:18":1,"s:14:8:14:Infinity":2,"f:17:4:17:21":2,"s:18:8:18:Infinity":3,"f:21:4:21:17":3,"s:22:8:22:Infinity":4},"fnNames":{}}}
,"C:\\Users\\gabme\\PROGRAMACION\\TETRIS\\Tetris-\\src\\Piece.ts\\PieceDog.ts": {"path":"C:\\Users\\gabme\\PROGRAMACION\\TETRIS\\Tetris-\\src\\Piece.ts\\PieceDog.ts","statementMap":{"0":{"start":{"line":5,"column":8},"end":{"line":9,"column":null}}},"fnMap":{"0":{"name":"constructor","decl":{"start":{"line":4,"column":4},"end":{"line":4,"column":18}},"loc":{"start":{"line":4,"column":18},"end":{"line":10,"column":null}},"line":4}},"branchMap":{},"s":{"0":3},"f":{"0":3},"b":{},"meta":{"lastBranch":0,"lastFunction":1,"lastStatement":1,"seen":{"f:4:4:4:18":0,"s:5:8:9:Infinity":0},"fnNames":{}}}
,"C:\\Users\\gabme\\PROGRAMACION\\TETRIS\\Tetris-\\src\\Piece.ts\\PieceL.ts": {"path":"C:\\Users\\gabme\\PROGRAMACION\\TETRIS\\Tetris-\\src\\Piece.ts\\PieceL.ts","statementMap":{"0":{"start":{"line":5,"column":8},"end":{"line":9,"column":null}}},"fnMap":{"0":{"name":"constructor","decl":{"start":{"line":4,"column":4},"end":{"line":4,"column":18}},"loc":{"start":{"line":4,"column":18},"end":{"line":10,"column":null}},"line":4}},"branchMap":{},"s":{"0":3},"f":{"0":3},"b":{},"meta":{"lastBranch":0,"lastFunction":1,"lastStatement":1,"seen":{"f:4:4:4:18":0,"s:5:8:9:Infinity":0},"fnNames":{}}}
,"C:\\Users\\gabme\\PROGRAMACION\\TETRIS\\Tetris-\\src\\Piece.ts\\PieceStick.ts": {"path":"C:\\Users\\gabme\\PROGRAMACION\\TETRIS\\Tetris-\\src\\Piece.ts\\PieceStick.ts","statementMap":{"0":{"start":{"line":5,"column":8},"end":{"line":9,"column":null}}},"fnMap":{"0":{"name":"constructor","decl":{"start":{"line":4,"column":4},"end":{"line":4,"column":17}},"loc":{"start":{"line":4,"column":17},"end":{"line":10,"column":null}},"line":4}},"branchMap":{},"s":{"0":3},"f":{"0":3},"b":{},"meta":{"lastBranch":0,"lastFunction":1,"lastStatement":1,"seen":{"f:4:4:4:17":0,"s:5:8:9:Infinity":0},"fnNames":{}}}
,"C:\\Users\\gabme\\PROGRAMACION\\TETRIS\\Tetris-\\src\\Piece.ts\\PieceT.ts": {"path":"C:\\Users\\gabme\\PROGRAMACION\\TETRIS\\Tetris-\\src\\Piece.ts\\PieceT.ts","statementMap":{"0":{"start":{"line":5,"column":8},"end":{"line":9,"column":null}}},"fnMap":{"0":{"name":"constructor","decl":{"start":{"line":4,"column":4},"end":{"line":4,"column":18}},"loc":{"start":{"line":4,"column":18},"end":{"line":10,"column":null}},"line":4}},"branchMap":{},"s":{"0":4},"f":{"0":4},"b":{},"meta":{"lastBranch":0,"lastFunction":1,"lastStatement":1,"seen":{"f:4:4:4:18":0,"s:5:8:9:Infinity":0},"fnNames":{}}}
,"C:\\Users\\gabme\\PROGRAMACION\\TETRIS\\Tetris-\\src\\Piece.ts\\Piecebase.ts": {"path":"C:\\Users\\gabme\\PROGRAMACION\\TETRIS\\Tetris-\\src\\Piece.ts\\Piecebase.ts","statementMap":{"0":{"start":{"line":6,"column":4},"end":{"line":6,"column":null}},"1":{"start":{"line":7,"column":4},"end":{"line":7,"column":null}},"2":{"start":{"line":11,"column":4},"end":{"line":11,"column":null}},"3":{"start":{"line":14,"column":18},"end":{"line":14,"column":null}},"4":{"start":{"line":15,"column":21},"end":{"line":15,"column":null}},"5":{"start":{"line":16,"column":35},"end":{"line":16,"column":null}},"6":{"start":{"line":18,"column":4},"end":{"line":23,"column":null}},"7":{"start":{"line":18,"column":17},"end":{"line":18,"column":20}},"8":{"start":{"line":19,"column":4},"end":{"line":19,"column":null}},"9":{"start":{"line":20,"column":4},"end":{"line":22,"column":null}},"10":{"start":{"line":20,"column":17},"end":{"line":20,"column":28}},"11":{"start":{"line":21,"column":8},"end":{"line":21,"column":null}},"12":{"start":{"line":25,"column":4},"end":{"line":25,"column":null}},"13":{"start":{"line":29,"column":18},"end":{"line":29,"column":null}},"14":{"start":{"line":30,"column":21},"end":{"line":30,"column":null}},"15":{"start":{"line":31,"column":35},"end":{"line":31,"column":null}},"16":{"start":{"line":33,"column":4},"end":{"line":39,"column":null}},"17":{"start":{"line":33,"column":17},"end":{"line":33,"column":31}},"18":{"start":{"line":34,"column":32},"end":{"line":34,"column":null}},"19":{"start":{"line":35,"column":4},"end":{"line":37,"column":null}},"20":{"start":{"line":35,"column":17},"end":{"line":35,"column":20}},"21":{"start":{"line":36,"column":8},"end":{"line":36,"column":null}},"22":{"start":{"line":38,"column":4},"end":{"line":38,"column":null}},"23":{"start":{"line":41,"column":4},"end":{"line":41,"column":null}}},"fnMap":{"0":{"name":"constructor","decl":{"start":{"line":5,"column":0},"end":{"line":5,"column":12}},"loc":{"start":{"line":5,"column":45},"end":{"line":8,"column":null}},"line":5},"1":{"name":"getForma","decl":{"start":{"line":10,"column":0},"end":{"line":10,"column":7}},"loc":{"start":{"line":10,"column":30},"end":{"line":12,"column":null}},"line":10},"2":{"name":"rotateRight","decl":{"start":{"line":13,"column":0},"end":{"line":13,"column":7}},"loc":{"start":{"line":13,"column":27},"end":{"line":26,"column":null}},"line":13},"3":{"name":"rotateLeft","decl":{"start":{"line":28,"column":0},"end":{"line":28,"column":7}},"loc":{"start":{"line":28,"column":26},"end":{"line":42,"column":null}},"line":28}},"branchMap":{},"s":{"0":19,"1":19,"2":23,"3":9,"4":9,"5":9,"6":9,"7":9,"8":27,"9":27,"10":27,"11":81,"12":9,"13":5,"14":5,"15":5,"16":5,"17":5,"18":15,"19":15,"20":15,"21":45,"22":15,"23":5},"f":{"0":19,"1":23,"2":9,"3":5},"b":{},"meta":{"lastBranch":0,"lastFunction":4,"lastStatement":24,"seen":{"f:5:0:5:12":0,"s:6:4:6:Infinity":0,"s:7:4:7:Infinity":1,"f:10:0:10:7":1,"s:11:4:11:Infinity":2,"f:13:0:13:7":2,"s:14:18:14:Infinity":3,"s:15:21:15:Infinity":4,"s:16:35:16:Infinity":5,"s:18:4:23:Infinity":6,"s:18:17:18:20":7,"s:19:4:19:Infinity":8,"s:20:4:22:Infinity":9,"s:20:17:20:28":10,"s:21:8:21:Infinity":11,"s:25:4:25:Infinity":12,"f:28:0:28:7":3,"s:29:18:29:Infinity":13,"s:30:21:30:Infinity":14,"s:31:35:31:Infinity":15,"s:33:4:39:Infinity":16,"s:33:17:33:31":17,"s:34:32:34:Infinity":18,"s:35:4:37:Infinity":19,"s:35:17:35:20":20,"s:36:8:36:Infinity":21,"s:38:4:38:Infinity":22,"s:41:4:41:Infinity":23},"fnNames":{}}}
,"C:\\Users\\gabme\\PROGRAMACION\\TETRIS\\Tetris-\\src\\Piece.ts\\Piecesquare.ts": {"path":"C:\\Users\\gabme\\PROGRAMACION\\TETRIS\\Tetris-\\src\\Piece.ts\\Piecesquare.ts","statementMap":{"0":{"start":{"line":5,"column":8},"end":{"line":9,"column":null}}},"fnMap":{"0":{"name":"constructor","decl":{"start":{"line":4,"column":4},"end":{"line":4,"column":18}},"loc":{"start":{"line":4,"column":18},"end":{"line":10,"column":null}},"line":4}},"branchMap":{},"s":{"0":6},"f":{"0":6},"b":{},"meta":{"lastBranch":0,"lastFunction":1,"lastStatement":1,"seen":{"f:4:4:4:18":0,"s:5:8:9:Infinity":0},"fnNames":{}}}
}
