{"C:\\Users\\gabme\\PROGRAMACION\\TETRIS\\Tetris-\\src\\Board.ts": {"path":"C:\\Users\\gabme\\PROGRAMACION\\TETRIS\\Tetris-\\src\\Board.ts","statementMap":{"0":{"start":{"line":9,"column":45},"end":{"line":9,"column":null}},"1":{"start":{"line":11,"column":33},"end":{"line":11,"column":null}},"2":{"start":{"line":13,"column":33},"end":{"line":13,"column":null}},"3":{"start":{"line":19,"column":8},"end":{"line":19,"column":null}},"4":{"start":{"line":19,"column":53},"end":{"line":19,"column":73}},"5":{"start":{"line":27,"column":22},"end":{"line":27,"column":null}},"6":{"start":{"line":31,"column":8},"end":{"line":53,"column":null}},"7":{"start":{"line":31,"column":21},"end":{"line":31,"column":24}},"8":{"start":{"line":33,"column":12},"end":{"line":51,"column":null}},"9":{"start":{"line":33,"column":25},"end":{"line":33,"column":28}},"10":{"start":{"line":35,"column":16},"end":{"line":49,"column":null}},"11":{"start":{"line":37,"column":38},"end":{"line":37,"column":null}},"12":{"start":{"line":39,"column":38},"end":{"line":39,"column":null}},"13":{"start":{"line":43,"column":20},"end":{"line":47,"column":null}},"14":{"start":{"line":45,"column":24},"end":{"line":45,"column":null}},"15":{"start":{"line":57,"column":8},"end":{"line":69,"column":null}},"16":{"start":{"line":57,"column":21},"end":{"line":57,"column":24}},"17":{"start":{"line":59,"column":12},"end":{"line":67,"column":null}},"18":{"start":{"line":59,"column":25},"end":{"line":59,"column":28}},"19":{"start":{"line":61,"column":16},"end":{"line":65,"column":null}},"20":{"start":{"line":63,"column":20},"end":{"line":63,"column":null}},"21":{"start":{"line":73,"column":8},"end":{"line":73,"column":null}},"22":{"start":{"line":75,"column":8},"end":{"line":75,"column":null}},"23":{"start":{"line":77,"column":8},"end":{"line":77,"column":null}},"24":{"start":{"line":81,"column":8},"end":{"line":81,"column":null}},"25":{"start":{"line":89,"column":8},"end":{"line":89,"column":null}},"26":{"start":{"line":89,"column":32},"end":{"line":89,"column":null}},"27":{"start":{"line":91,"column":22},"end":{"line":91,"column":null}},"28":{"start":{"line":95,"column":8},"end":{"line":107,"column":null}},"29":{"start":{"line":95,"column":21},"end":{"line":95,"column":24}},"30":{"start":{"line":97,"column":12},"end":{"line":105,"column":null}},"31":{"start":{"line":97,"column":25},"end":{"line":97,"column":28}},"32":{"start":{"line":99,"column":16},"end":{"line":103,"column":null}},"33":{"start":{"line":101,"column":20},"end":{"line":101,"column":null}},"34":{"start":{"line":115,"column":8},"end":{"line":115,"column":null}},"35":{"start":{"line":115,"column":32},"end":{"line":115,"column":null}},"36":{"start":{"line":117,"column":22},"end":{"line":117,"column":null}},"37":{"start":{"line":119,"column":22},"end":{"line":119,"column":null}},"38":{"start":{"line":121,"column":23},"end":{"line":121,"column":null}},"39":{"start":{"line":123,"column":23},"end":{"line":123,"column":null}},"40":{"start":{"line":127,"column":8},"end":{"line":127,"column":null}},"41":{"start":{"line":131,"column":22},"end":{"line":131,"column":null}},"42":{"start":{"line":133,"column":8},"end":{"line":153,"column":null}},"43":{"start":{"line":133,"column":21},"end":{"line":133,"column":24}},"44":{"start":{"line":135,"column":12},"end":{"line":151,"column":null}},"45":{"start":{"line":135,"column":25},"end":{"line":135,"column":28}},"46":{"start":{"line":137,"column":16},"end":{"line":149,"column":null}},"47":{"start":{"line":139,"column":35},"end":{"line":139,"column":null}},"48":{"start":{"line":141,"column":32},"end":{"line":141,"column":null}},"49":{"start":{"line":143,"column":20},"end":{"line":147,"column":null}},"50":{"start":{"line":145,"column":24},"end":{"line":145,"column":null}},"51":{"start":{"line":157,"column":8},"end":{"line":165,"column":null}},"52":{"start":{"line":159,"column":12},"end":{"line":159,"column":null}},"53":{"start":{"line":163,"column":12},"end":{"line":163,"column":null}},"54":{"start":{"line":169,"column":8},"end":{"line":169,"column":null}},"55":{"start":{"line":177,"column":27},"end":{"line":177,"column":null}},"56":{"start":{"line":181,"column":8},"end":{"line":195,"column":null}},"57":{"start":{"line":181,"column":23},"end":{"line":181,"column":26}},"58":{"start":{"line":183,"column":31},"end":{"line":183,"column":null}},"59":{"start":{"line":183,"column":61},"end":{"line":183,"column":74}},"60":{"start":{"line":185,"column":12},"end":{"line":193,"column":null}},"61":{"start":{"line":187,"column":16},"end":{"line":187,"column":null}},"62":{"start":{"line":189,"column":16},"end":{"line":189,"column":null}},"63":{"start":{"line":191,"column":16},"end":{"line":191,"column":null}},"64":{"start":{"line":199,"column":8},"end":{"line":199,"column":null}}},"fnMap":{"0":{"name":"constructor","decl":{"start":{"line":17,"column":4},"end":{"line":17,"column":18}},"loc":{"start":{"line":17,"column":18},"end":{"line":21,"column":null}},"line":17},"1":{"name":"(anonymous_1)","decl":{"start":{"line":19,"column":44},"end":{"line":19,"column":53}},"loc":{"start":{"line":19,"column":53},"end":{"line":19,"column":73}},"line":19},"2":{"name":"addPiece","decl":{"start":{"line":25,"column":4},"end":{"line":25,"column":13}},"loc":{"start":{"line":25,"column":66},"end":{"line":83,"column":null}},"line":25},"3":{"name":"clearPiece","decl":{"start":{"line":87,"column":4},"end":{"line":87,"column":12}},"loc":{"start":{"line":87,"column":31},"end":{"line":109,"column":null}},"line":87},"4":{"name":"moveDown","decl":{"start":{"line":113,"column":4},"end":{"line":113,"column":24}},"loc":{"start":{"line":113,"column":24},"end":{"line":171,"column":null}},"line":113},"5":{"name":"clearCompletedLines","decl":{"start":{"line":175,"column":4},"end":{"line":175,"column":34}},"loc":{"start":{"line":175,"column":34},"end":{"line":201,"column":null}},"line":175},"6":{"name":"(anonymous_6)","decl":{"start":{"line":183,"column":47},"end":{"line":183,"column":53}},"loc":{"start":{"line":183,"column":61},"end":{"line":183,"column":74}},"line":183}},"branchMap":{"0":{"loc":{"start":{"line":35,"column":16},"end":{"line":49,"column":null}},"type":"if","locations":[{"start":{"line":35,"column":16},"end":{"line":49,"column":null}},{"start":{},"end":{}}],"line":35},"1":{"loc":{"start":{"line":43,"column":20},"end":{"line":47,"column":null}},"type":"if","locations":[{"start":{"line":43,"column":20},"end":{"line":47,"column":null}},{"start":{},"end":{}}],"line":43},"2":{"loc":{"start":{"line":43,"column":24},"end":{"line":43,"column":94}},"type":"binary-expr","locations":[{"start":{"line":43,"column":24},"end":{"line":43,"column":41}},{"start":{"line":43,"column":41},"end":{"line":43,"column":60}},{"start":{"line":43,"column":60},"end":{"line":43,"column":77}},{"start":{"line":43,"column":77},"end":{"line":43,"column":94}}],"line":43},"3":{"loc":{"start":{"line":61,"column":16},"end":{"line":65,"column":null}},"type":"if","locations":[{"start":{"line":61,"column":16},"end":{"line":65,"column":null}},{"start":{},"end":{}}],"line":61},"4":{"loc":{"start":{"line":89,"column":8},"end":{"line":89,"column":null}},"type":"if","locations":[{"start":{"line":89,"column":8},"end":{"line":89,"column":null}},{"start":{},"end":{}}],"line":89},"5":{"loc":{"start":{"line":99,"column":16},"end":{"line":103,"column":null}},"type":"if","locations":[{"start":{"line":99,"column":16},"end":{"line":103,"column":null}},{"start":{},"end":{}}],"line":99},"6":{"loc":{"start":{"line":115,"column":8},"end":{"line":115,"column":null}},"type":"if","locations":[{"start":{"line":115,"column":8},"end":{"line":115,"column":null}},{"start":{},"end":{}}],"line":115},"7":{"loc":{"start":{"line":137,"column":16},"end":{"line":149,"column":null}},"type":"if","locations":[{"start":{"line":137,"column":16},"end":{"line":149,"column":null}},{"start":{},"end":{}}],"line":137},"8":{"loc":{"start":{"line":143,"column":20},"end":{"line":147,"column":null}},"type":"if","locations":[{"start":{"line":143,"column":20},"end":{"line":147,"column":null}},{"start":{},"end":{}}],"line":143},"9":{"loc":{"start":{"line":143,"column":24},"end":{"line":143,"column":74}},"type":"binary-expr","locations":[{"start":{"line":143,"column":24},"end":{"line":143,"column":40}},{"start":{"line":143,"column":40},"end":{"line":143,"column":74}}],"line":143},"10":{"loc":{"start":{"line":157,"column":8},"end":{"line":165,"column":null}},"type":"if","locations":[{"start":{"line":157,"column":8},"end":{"line":165,"column":null}},{"start":{"line":161,"column":15},"end":{"line":165,"column":null}}],"line":157},"11":{"loc":{"start":{"line":185,"column":12},"end":{"line":193,"column":null}},"type":"if","locations":[{"start":{"line":185,"column":12},"end":{"line":193,"column":null}},{"start":{},"end":{}}],"line":185}},"s":{"0":5,"1":5,"2":5,"3":5,"4":100,"5":4,"6":4,"7":4,"8":11,"9":11,"10":32,"11":14,"12":14,"13":14,"14":1,"15":3,"16":3,"17":9,"18":9,"19":27,"20":12,"21":3,"22":3,"23":3,"24":3,"25":1,"26":0,"27":1,"28":1,"29":1,"30":3,"31":3,"32":9,"33":4,"34":1,"35":0,"36":1,"37":1,"38":1,"39":1,"40":1,"41":1,"42":1,"43":1,"44":3,"45":3,"46":9,"47":4,"48":4,"49":4,"50":0,"51":1,"52":1,"53":0,"54":1,"55":1,"56":1,"57":1,"58":20,"59":29,"60":20,"61":1,"62":1,"63":1,"64":20},"f":{"0":5,"1":100,"2":4,"3":1,"4":1,"5":1,"6":29},"b":{"0":[14,18],"1":[1,13],"2":[14,14,14,14],"3":[12,15],"4":[0,1],"5":[4,5],"6":[0,1],"7":[4,5],"8":[0,4],"9":[4,4],"10":[1,0],"11":[1,19]},"meta":{"lastBranch":12,"lastFunction":7,"lastStatement":65,"seen":{"s:9:45:9:Infinity":0,"s:11:33:11:Infinity":1,"s:13:33:13:Infinity":2,"f:17:4:17:18":0,"s:19:8:19:Infinity":3,"f:19:44:19:53":1,"s:19:53:19:73":4,"f:25:4:25:13":2,"s:27:22:27:Infinity":5,"s:31:8:53:Infinity":6,"s:31:21:31:24":7,"s:33:12:51:Infinity":8,"s:33:25:33:28":9,"b:35:16:49:Infinity:undefined:undefined:undefined:undefined":0,"s:35:16:49:Infinity":10,"s:37:38:37:Infinity":11,"s:39:38:39:Infinity":12,"b:43:20:47:Infinity:undefined:undefined:undefined:undefined":1,"s:43:20:47:Infinity":13,"b:43:24:43:41:43:41:43:60:43:60:43:77:43:77:43:94":2,"s:45:24:45:Infinity":14,"s:57:8:69:Infinity":15,"s:57:21:57:24":16,"s:59:12:67:Infinity":17,"s:59:25:59:28":18,"b:61:16:65:Infinity:undefined:undefined:undefined:undefined":3,"s:61:16:65:Infinity":19,"s:63:20:63:Infinity":20,"s:73:8:73:Infinity":21,"s:75:8:75:Infinity":22,"s:77:8:77:Infinity":23,"s:81:8:81:Infinity":24,"f:87:4:87:12":3,"b:89:8:89:Infinity:undefined:undefined:undefined:undefined":4,"s:89:8:89:Infinity":25,"s:89:32:89:Infinity":26,"s:91:22:91:Infinity":27,"s:95:8:107:Infinity":28,"s:95:21:95:24":29,"s:97:12:105:Infinity":30,"s:97:25:97:28":31,"b:99:16:103:Infinity:undefined:undefined:undefined:undefined":5,"s:99:16:103:Infinity":32,"s:101:20:101:Infinity":33,"f:113:4:113:24":4,"b:115:8:115:Infinity:undefined:undefined:undefined:undefined":6,"s:115:8:115:Infinity":34,"s:115:32:115:Infinity":35,"s:117:22:117:Infinity":36,"s:119:22:119:Infinity":37,"s:121:23:121:Infinity":38,"s:123:23:123:Infinity":39,"s:127:8:127:Infinity":40,"s:131:22:131:Infinity":41,"s:133:8:153:Infinity":42,"s:133:21:133:24":43,"s:135:12:151:Infinity":44,"s:135:25:135:28":45,"b:137:16:149:Infinity:undefined:undefined:undefined:undefined":7,"s:137:16:149:Infinity":46,"s:139:35:139:Infinity":47,"s:141:32:141:Infinity":48,"b:143:20:147:Infinity:undefined:undefined:undefined:undefined":8,"s:143:20:147:Infinity":49,"b:143:24:143:40:143:40:143:74":9,"s:145:24:145:Infinity":50,"b:157:8:165:Infinity:161:15:165:Infinity":10,"s:157:8:165:Infinity":51,"s:159:12:159:Infinity":52,"s:163:12:163:Infinity":53,"s:169:8:169:Infinity":54,"f:175:4:175:34":5,"s:177:27:177:Infinity":55,"s:181:8:195:Infinity":56,"s:181:23:181:26":57,"s:183:31:183:Infinity":58,"f:183:47:183:53":6,"s:183:61:183:74":59,"b:185:12:193:Infinity:undefined:undefined:undefined:undefined":11,"s:185:12:193:Infinity":60,"s:187:16:187:Infinity":61,"s:189:16:189:Infinity":62,"s:191:16:191:Infinity":63,"s:199:8:199:Infinity":64},"fnNames":{}}}
,"C:\\Users\\gabme\\PROGRAMACION\\TETRIS\\Tetris-\\src\\Clock.ts": {"path":"C:\\Users\\gabme\\PROGRAMACION\\TETRIS\\Tetris-\\src\\Clock.ts","statementMap":{"0":{"start":{"line":2,"column":26},"end":{"line":2,"column":null}},"1":{"start":{"line":5,"column":8},"end":{"line":5,"column":null}},"2":{"start":{"line":9,"column":8},"end":{"line":9,"column":null}}},"fnMap":{"0":{"name":"getTicks","decl":{"start":{"line":4,"column":4},"end":{"line":4,"column":23}},"loc":{"start":{"line":4,"column":23},"end":{"line":6,"column":null}},"line":4},"1":{"name":"tick","decl":{"start":{"line":8,"column":4},"end":{"line":8,"column":17}},"loc":{"start":{"line":8,"column":17},"end":{"line":10,"column":null}},"line":8}},"branchMap":{},"s":{"0":7,"1":6,"2":7},"f":{"0":6,"1":7},"b":{},"meta":{"lastBranch":0,"lastFunction":2,"lastStatement":3,"seen":{"s:2:26:2:Infinity":0,"f:4:4:4:23":0,"s:5:8:5:Infinity":1,"f:8:4:8:17":1,"s:9:8:9:Infinity":2},"fnNames":{}}}
,"C:\\Users\\gabme\\PROGRAMACION\\TETRIS\\Tetris-\\src\\Tetris.ts": {"path":"C:\\Users\\gabme\\PROGRAMACION\\TETRIS\\Tetris-\\src\\Tetris.ts","statementMap":{"0":{"start":{"line":6,"column":31},"end":{"line":6,"column":null}},"1":{"start":{"line":10,"column":8},"end":{"line":10,"column":null}},"2":{"start":{"line":14,"column":8},"end":{"line":14,"column":null}},"3":{"start":{"line":18,"column":8},"end":{"line":18,"column":null}},"4":{"start":{"line":22,"column":8},"end":{"line":22,"column":null}}},"fnMap":{"0":{"name":"constructor","decl":{"start":{"line":9,"column":4},"end":{"line":9,"column":16}},"loc":{"start":{"line":9,"column":44},"end":{"line":11,"column":null}},"line":9},"1":{"name":"start","decl":{"start":{"line":13,"column":4},"end":{"line":13,"column":18}},"loc":{"start":{"line":13,"column":18},"end":{"line":15,"column":null}},"line":13},"2":{"name":"state","decl":{"start":{"line":17,"column":4},"end":{"line":17,"column":21}},"loc":{"start":{"line":17,"column":21},"end":{"line":19,"column":null}},"line":17},"3":{"name":"tick","decl":{"start":{"line":21,"column":4},"end":{"line":21,"column":17}},"loc":{"start":{"line":21,"column":17},"end":{"line":23,"column":null}},"line":21}},"branchMap":{"0":{"loc":{"start":{"line":9,"column":16},"end":{"line":9,"column":44}},"type":"default-arg","locations":[{"start":{"line":9,"column":31},"end":{"line":9,"column":44}}],"line":9}},"s":{"0":5,"1":5,"2":1,"3":2,"4":4},"f":{"0":5,"1":1,"2":2,"3":4},"b":{"0":[5]},"meta":{"lastBranch":1,"lastFunction":4,"lastStatement":5,"seen":{"s:6:31:6:Infinity":0,"f:9:4:9:16":0,"b:9:31:9:44":0,"s:10:8:10:Infinity":1,"f:13:4:13:18":1,"s:14:8:14:Infinity":2,"f:17:4:17:21":2,"s:18:8:18:Infinity":3,"f:21:4:21:17":3,"s:22:8:22:Infinity":4},"fnNames":{}}}
,"C:\\Users\\gabme\\PROGRAMACION\\TETRIS\\Tetris-\\src\\Piece.ts\\PieceDog.ts": {"path":"C:\\Users\\gabme\\PROGRAMACION\\TETRIS\\Tetris-\\src\\Piece.ts\\PieceDog.ts","statementMap":{"0":{"start":{"line":5,"column":8},"end":{"line":9,"column":null}}},"fnMap":{"0":{"name":"constructor","decl":{"start":{"line":4,"column":4},"end":{"line":4,"column":18}},"loc":{"start":{"line":4,"column":18},"end":{"line":10,"column":null}},"line":4}},"branchMap":{},"s":{"0":3},"f":{"0":3},"b":{},"meta":{"lastBranch":0,"lastFunction":1,"lastStatement":1,"seen":{"f:4:4:4:18":0,"s:5:8:9:Infinity":0},"fnNames":{}}}
,"C:\\Users\\gabme\\PROGRAMACION\\TETRIS\\Tetris-\\src\\Piece.ts\\PieceL.ts": {"path":"C:\\Users\\gabme\\PROGRAMACION\\TETRIS\\Tetris-\\src\\Piece.ts\\PieceL.ts","statementMap":{"0":{"start":{"line":5,"column":8},"end":{"line":9,"column":null}}},"fnMap":{"0":{"name":"constructor","decl":{"start":{"line":4,"column":4},"end":{"line":4,"column":18}},"loc":{"start":{"line":4,"column":18},"end":{"line":10,"column":null}},"line":4}},"branchMap":{},"s":{"0":3},"f":{"0":3},"b":{},"meta":{"lastBranch":0,"lastFunction":1,"lastStatement":1,"seen":{"f:4:4:4:18":0,"s:5:8:9:Infinity":0},"fnNames":{}}}
,"C:\\Users\\gabme\\PROGRAMACION\\TETRIS\\Tetris-\\src\\Piece.ts\\PieceStick.ts": {"path":"C:\\Users\\gabme\\PROGRAMACION\\TETRIS\\Tetris-\\src\\Piece.ts\\PieceStick.ts","statementMap":{"0":{"start":{"line":5,"column":8},"end":{"line":9,"column":null}}},"fnMap":{"0":{"name":"constructor","decl":{"start":{"line":4,"column":4},"end":{"line":4,"column":17}},"loc":{"start":{"line":4,"column":17},"end":{"line":10,"column":null}},"line":4}},"branchMap":{},"s":{"0":3},"f":{"0":3},"b":{},"meta":{"lastBranch":0,"lastFunction":1,"lastStatement":1,"seen":{"f:4:4:4:17":0,"s:5:8:9:Infinity":0},"fnNames":{}}}
,"C:\\Users\\gabme\\PROGRAMACION\\TETRIS\\Tetris-\\src\\Piece.ts\\PieceT.ts": {"path":"C:\\Users\\gabme\\PROGRAMACION\\TETRIS\\Tetris-\\src\\Piece.ts\\PieceT.ts","statementMap":{"0":{"start":{"line":5,"column":8},"end":{"line":9,"column":null}}},"fnMap":{"0":{"name":"constructor","decl":{"start":{"line":4,"column":4},"end":{"line":4,"column":18}},"loc":{"start":{"line":4,"column":18},"end":{"line":10,"column":null}},"line":4}},"branchMap":{},"s":{"0":4},"f":{"0":4},"b":{},"meta":{"lastBranch":0,"lastFunction":1,"lastStatement":1,"seen":{"f:4:4:4:18":0,"s:5:8:9:Infinity":0},"fnNames":{}}}
,"C:\\Users\\gabme\\PROGRAMACION\\TETRIS\\Tetris-\\src\\Piece.ts\\Piecebase.ts": {"path":"C:\\Users\\gabme\\PROGRAMACION\\TETRIS\\Tetris-\\src\\Piece.ts\\Piecebase.ts","statementMap":{"0":{"start":{"line":6,"column":4},"end":{"line":6,"column":null}},"1":{"start":{"line":7,"column":4},"end":{"line":7,"column":null}},"2":{"start":{"line":11,"column":4},"end":{"line":11,"column":null}},"3":{"start":{"line":14,"column":18},"end":{"line":14,"column":null}},"4":{"start":{"line":15,"column":21},"end":{"line":15,"column":null}},"5":{"start":{"line":16,"column":35},"end":{"line":16,"column":null}},"6":{"start":{"line":18,"column":4},"end":{"line":23,"column":null}},"7":{"start":{"line":18,"column":17},"end":{"line":18,"column":20}},"8":{"start":{"line":19,"column":4},"end":{"line":19,"column":null}},"9":{"start":{"line":20,"column":4},"end":{"line":22,"column":null}},"10":{"start":{"line":20,"column":17},"end":{"line":20,"column":28}},"11":{"start":{"line":21,"column":8},"end":{"line":21,"column":null}},"12":{"start":{"line":25,"column":4},"end":{"line":25,"column":null}},"13":{"start":{"line":29,"column":18},"end":{"line":29,"column":null}},"14":{"start":{"line":30,"column":21},"end":{"line":30,"column":null}},"15":{"start":{"line":31,"column":35},"end":{"line":31,"column":null}},"16":{"start":{"line":33,"column":4},"end":{"line":39,"column":null}},"17":{"start":{"line":33,"column":17},"end":{"line":33,"column":31}},"18":{"start":{"line":34,"column":32},"end":{"line":34,"column":null}},"19":{"start":{"line":35,"column":4},"end":{"line":37,"column":null}},"20":{"start":{"line":35,"column":17},"end":{"line":35,"column":20}},"21":{"start":{"line":36,"column":8},"end":{"line":36,"column":null}},"22":{"start":{"line":38,"column":4},"end":{"line":38,"column":null}},"23":{"start":{"line":41,"column":4},"end":{"line":41,"column":null}}},"fnMap":{"0":{"name":"constructor","decl":{"start":{"line":5,"column":0},"end":{"line":5,"column":12}},"loc":{"start":{"line":5,"column":45},"end":{"line":8,"column":null}},"line":5},"1":{"name":"getForma","decl":{"start":{"line":10,"column":0},"end":{"line":10,"column":7}},"loc":{"start":{"line":10,"column":30},"end":{"line":12,"column":null}},"line":10},"2":{"name":"rotateRight","decl":{"start":{"line":13,"column":0},"end":{"line":13,"column":7}},"loc":{"start":{"line":13,"column":27},"end":{"line":26,"column":null}},"line":13},"3":{"name":"rotateLeft","decl":{"start":{"line":28,"column":0},"end":{"line":28,"column":7}},"loc":{"start":{"line":28,"column":26},"end":{"line":42,"column":null}},"line":28}},"branchMap":{},"s":{"0":19,"1":19,"2":23,"3":9,"4":9,"5":9,"6":9,"7":9,"8":27,"9":27,"10":27,"11":81,"12":9,"13":5,"14":5,"15":5,"16":5,"17":5,"18":15,"19":15,"20":15,"21":45,"22":15,"23":5},"f":{"0":19,"1":23,"2":9,"3":5},"b":{},"meta":{"lastBranch":0,"lastFunction":4,"lastStatement":24,"seen":{"f:5:0:5:12":0,"s:6:4:6:Infinity":0,"s:7:4:7:Infinity":1,"f:10:0:10:7":1,"s:11:4:11:Infinity":2,"f:13:0:13:7":2,"s:14:18:14:Infinity":3,"s:15:21:15:Infinity":4,"s:16:35:16:Infinity":5,"s:18:4:23:Infinity":6,"s:18:17:18:20":7,"s:19:4:19:Infinity":8,"s:20:4:22:Infinity":9,"s:20:17:20:28":10,"s:21:8:21:Infinity":11,"s:25:4:25:Infinity":12,"f:28:0:28:7":3,"s:29:18:29:Infinity":13,"s:30:21:30:Infinity":14,"s:31:35:31:Infinity":15,"s:33:4:39:Infinity":16,"s:33:17:33:31":17,"s:34:32:34:Infinity":18,"s:35:4:37:Infinity":19,"s:35:17:35:20":20,"s:36:8:36:Infinity":21,"s:38:4:38:Infinity":22,"s:41:4:41:Infinity":23},"fnNames":{}}}
,"C:\\Users\\gabme\\PROGRAMACION\\TETRIS\\Tetris-\\src\\Piece.ts\\Piecesquare.ts": {"path":"C:\\Users\\gabme\\PROGRAMACION\\TETRIS\\Tetris-\\src\\Piece.ts\\Piecesquare.ts","statementMap":{"0":{"start":{"line":5,"column":8},"end":{"line":9,"column":null}}},"fnMap":{"0":{"name":"constructor","decl":{"start":{"line":4,"column":4},"end":{"line":4,"column":18}},"loc":{"start":{"line":4,"column":18},"end":{"line":10,"column":null}},"line":4}},"branchMap":{},"s":{"0":6},"f":{"0":6},"b":{},"meta":{"lastBranch":0,"lastFunction":1,"lastStatement":1,"seen":{"f:4:4:4:18":0,"s:5:8:9:Infinity":0},"fnNames":{}}}
}
